Started by user [8mha:////4Eg5jz/wC46BzuC549VC2Doz0aycqbSttCqIOzdz5B0SAAAAmR+LCAAAAAAAAP9b85aBtbiIQTGjNKU4P08vOT+vOD8nVc83PyU1x6OyILUoJzMv2y+/JJUBAhiZGBgqihhk0NSjKDWzXb3RdlLBUSYGJk8GtpzUvPSSDB8G5tKinBIGIZ+sxLJE/ZzEvHT94JKizLx0a6BxUmjGOUNodHsLgAz2EgZe/dLi1CL9osS8rMySDAArcnYuwgAAAA==[0mranjith
Running as SYSTEM
Building in workspace /var/lib/jenkins/workspace/build job
The recommended git tool is: NONE
No credentials specified
 > git rev-parse --resolve-git-dir /var/lib/jenkins/workspace/build job/.git # timeout=10
Fetching changes from the remote Git repository
 > git config remote.origin.url https://github.com/devopshydclub/vprofile-project.git # timeout=10
Fetching upstream changes from https://github.com/devopshydclub/vprofile-project.git
 > git --version # timeout=10
 > git --version # 'git version 2.25.1'
 > git fetch --tags --force --progress -- https://github.com/devopshydclub/vprofile-project.git +refs/heads/*:refs/remotes/origin/* # timeout=10
 > git rev-parse refs/remotes/origin/ci-jenkins^{commit} # timeout=10
Checking out Revision ec33ab8dd2deb6a8b936f97eb4887646c4af1381 (refs/remotes/origin/ci-jenkins)
 > git config core.sparsecheckout # timeout=10
 > git checkout -f ec33ab8dd2deb6a8b936f97eb4887646c4af1381 # timeout=10
Commit message: "Fixed, Certificate verification failed error."
 > git rev-list --no-walk ec33ab8dd2deb6a8b936f97eb4887646c4af1381 # timeout=10
[build job] $ /var/lib/jenkins/tools/hudson.tasks.Maven_MavenInstallation/mvn/bin/mvn -s "/var/lib/jenkins/workspace/build job/settings.xml" -gs "/var/lib/jenkins/workspace/build job/settings.xml" install
[INFO] Scanning for projects...
[INFO] 
[INFO] ---------------------< com.visualpathit:vprofile >----------------------
[INFO] Building Visualpathit VProfile Webapp v2
[INFO] --------------------------------[ war ]---------------------------------
[INFO] ------------------------------------------------------------------------
[INFO] BUILD FAILURE
[INFO] ------------------------------------------------------------------------
[INFO] Total time:  0.217 s
[INFO] Finished at: 2022-01-11T09:34:43Z
[INFO] ------------------------------------------------------------------------
[8mha:////4KXwoxq0xR/11Jnm10sCQpH268ALskJ+LdA34fmS0hGrAAAAYB+LCAAAAAAAAP9b85aBtbiIQSmjNKU4P0+vJLE4u1gvPjexLDVPzxdEuhYV5Rf55Zek1m9pfpLfVWLNxMBQUcQgBdWQnJ9XnJ+TqucMoUEKGSCAEaSwAABqVhoSYAAAAA==[0m[ERROR] For input string: "${NEXUSPORT}"
[8mha:////4KXwoxq0xR/11Jnm10sCQpH268ALskJ+LdA34fmS0hGrAAAAYB+LCAAAAAAAAP9b85aBtbiIQSmjNKU4P0+vJLE4u1gvPjexLDVPzxdEuhYV5Rf55Zek1m9pfpLfVWLNxMBQUcQgBdWQnJ9XnJ+TqucMoUEKGSCAEaSwAABqVhoSYAAAAA==[0m[ERROR] 
[8mha:////4KXwoxq0xR/11Jnm10sCQpH268ALskJ+LdA34fmS0hGrAAAAYB+LCAAAAAAAAP9b85aBtbiIQSmjNKU4P0+vJLE4u1gvPjexLDVPzxdEuhYV5Rf55Zek1m9pfpLfVWLNxMBQUcQgBdWQnJ9XnJ+TqucMoUEKGSCAEaSwAABqVhoSYAAAAA==[0m[ERROR] To see the full stack trace of the errors, re-run Maven with the -e switch.
[8mha:////4KXwoxq0xR/11Jnm10sCQpH268ALskJ+LdA34fmS0hGrAAAAYB+LCAAAAAAAAP9b85aBtbiIQSmjNKU4P0+vJLE4u1gvPjexLDVPzxdEuhYV5Rf55Zek1m9pfpLfVWLNxMBQUcQgBdWQnJ9XnJ+TqucMoUEKGSCAEaSwAABqVhoSYAAAAA==[0m[ERROR] Re-run Maven using the -X switch to enable full debug logging.
Build step 'Invoke top-level Maven targets' marked build as failure
Finished: FAILURE
